#
# A fatal error has been detected by the Java Runtime Environment:
#
#  EXCEPTION_ACCESS_VIOLATION (0xc0000005) at pc=0x6d952c4f, pid=5528, tid=4772
#
# JRE version: 6.0_23-b05
# Java VM: Java HotSpot(TM) Client VM (19.0-b09 mixed mode windows-x86 )
# Problematic frame:
# V  [jvm.dll+0x162c4f]
#
# If you would like to submit a bug report, please visit:
#   http://java.sun.com/webapps/bugreport/crash.jsp
#

---------------  T H R E A D  ---------------

Current thread (0x01c05c00):  VMThread [stack: 0x00500000,0x00550000] [id=4772]

siginfo: ExceptionCode=0xc0000005, writing address 0x00000000

Registers:
EAX=0x00000000, EBX=0x00000004, ECX=0x4a25b0b8, EDX=0x00000009
ESP=0x0054fbe8, EBP=0x0054fbfc, ESI=0x000003fe, EDI=0x00000009
EIP=0x6d952c4f, EFLAGS=0x00010202

Register to memory mapping:

EAX=0x00000000
0x00000000 is pointing to unknown location

EBX=0x00000004
0x00000004 is pointing to unknown location

ECX=0x4a25b0b8
0x4a25b0b8 is pointing to unknown location

EDX=0x00000009
0x00000009 is pointing to unknown location

ESP=0x0054fbe8
0x0054fbe8 is pointing to unknown location

EBP=0x0054fbfc
0x0054fbfc is pointing to unknown location

ESI=0x000003fe
0x000003fe is pointing to unknown location

EDI=0x00000009
0x00000009 is pointing to unknown location


Top of Stack: (sp=0x0054fbe8)
0x0054fbe8:   00000001 001bce10 01c0f000 00000009
0x0054fbf8:   00000000 0054fc38 6d8bd2f8 001ba270
0x0054fc08:   01c048d8 0aaac000 00010100 00000004
0x0054fc18:   00000000 00000000 6d8c3869 001bce68
0x0054fc28:   001bc000 6d953ef0 001bce68 001b1068
0x0054fc38:   0054fc64 6d8c134a 00000001 01c048d8
0x0054fc48:   02854938 001bce68 001ba270 01c048d8
0x0054fc58:   0054fc01 191d0000 0019c101 0054fc80 

Instructions: (pc=0x6d952c4f)
0x6d952c3f:   28 60 a5 6d 8b 04 81 89 45 f8 8b 55 f8 8b 45 fc
0x6d952c4f:   89 10 8b 0d 10 60 a5 6d 85 c9 0f 85 b1 fe ff ff 


Stack: [0x00500000,0x00550000],  sp=0x0054fbe8,  free space=318k
Native frames: (J=compiled Java code, j=interpreted, Vv=VM code, C=native code)
V  [jvm.dll+0x162c4f]
V  [jvm.dll+0xcd2f8]
V  [jvm.dll+0xd134a]
V  [jvm.dll+0x1e4752]
V  [jvm.dll+0xcc018]
V  [jvm.dll+0x804bb]
V  [jvm.dll+0x200e4b]
V  [jvm.dll+0x203e33]
V  [jvm.dll+0x20310e]
V  [jvm.dll+0x203430]
V  [jvm.dll+0x203832]
V  [jvm.dll+0x18843c]
C  [msvcr71.dll+0x9565]
C  [kernel32.dll+0x51194]
C  [ntdll.dll+0x5b429]
C  [ntdll.dll+0x5b3fc]

VM_Operation (0x0020e9c0): GenCollectForAllocation, mode: safepoint, requested by thread 0x001b9000


---------------  P R O C E S S  ---------------

Java Threads: ( => current thread )
  0x01c45000 JavaThread "Low Memory Detector" daemon [_thread_blocked, id=1308, stack(0x49eb0000,0x49f00000)]
  0x01c3d800 JavaThread "CompilerThread0" daemon [_thread_blocked, id=5752, stack(0x49e60000,0x49eb0000)]
  0x01c3cc00 JavaThread "Attach Listener" daemon [_thread_blocked, id=4436, stack(0x49e10000,0x49e60000)]
  0x01c3bc00 JavaThread "Signal Dispatcher" daemon [_thread_blocked, id=4796, stack(0x00720000,0x00770000)]
  0x01c0a400 JavaThread "Finalizer" daemon [_thread_blocked, id=3800, stack(0x006d0000,0x00720000)]
  0x01c09000 JavaThread "Reference Handler" daemon [_thread_blocked, id=4732, stack(0x00550000,0x005a0000)]
  0x001b9000 JavaThread "main" [_thread_blocked, id=5188, stack(0x001c0000,0x00210000)]

Other Threads:
=>0x01c05c00 VMThread [stack: 0x00500000,0x00550000] [id=4772]
  0x01c5e800 WatcherThread [stack: 0x49f00000,0x49f50000] [id=4212]

VM state:at safepoint (normal execution)

VM Mutex/Monitor currently owned by a thread:  ([mutex/lock_event])
[0x001b7548] Threads_lock - owner thread: 0x01c05c00
[0x001b7958] Heap_lock - owner thread: 0x001b9000

Heap
 def new generation   total 17280K, used 0K [0x03c80000, 0x04f40000, 0x191d0000)
  eden space 15360K,   0% used [0x03c80000, 0x03c80000, 0x04b80000)
  from space 1920K,   0% used [0x04b80000, 0x04b80000, 0x04d60000)
  to   space 1920K,   0% used [0x04d60000, 0x04d60000, 0x04f40000)
 tenured generation   total 39448K, used 38130K [0x191d0000, 0x1b856000, 0x43c80000)
   the space 39448K,  96% used [0x191d0000, 0x1b70c860, 0x1b70ca00, 0x1b856000)
 compacting perm gen  total 12288K, used 3279K [0x43c80000, 0x44880000, 0x47c80000)
   the space 12288K,  26% used [0x43c80000, 0x43fb3cd8, 0x43fb3e00, 0x44880000)
No shared spaces configured.

Dynamic libraries:
0x00400000 - 0x00424000 	C:\Windows\system32\java.exe
0x77750000 - 0x7788d000 	C:\Windows\SYSTEM32\ntdll.dll
0x76b10000 - 0x76be4000 	C:\Windows\system32\kernel32.dll
0x75970000 - 0x759ba000 	C:\Windows\system32\KERNELBASE.dll
0x770a0000 - 0x77140000 	C:\Windows\system32\ADVAPI32.dll
0x75c70000 - 0x75d1c000 	C:\Windows\system32\msvcrt.dll
0x75bf0000 - 0x75c09000 	C:\Windows\SYSTEM32\sechost.dll
0x773c0000 - 0x77461000 	C:\Windows\system32\RPCRT4.dll
0x7c340000 - 0x7c396000 	C:\Program Files\Java\jre6\bin\msvcr71.dll
0x6d7f0000 - 0x6da9c000 	C:\Program Files\Java\jre6\bin\client\jvm.dll
0x772f0000 - 0x773b9000 	C:\Windows\system32\USER32.dll
0x778a0000 - 0x778ee000 	C:\Windows\system32\GDI32.dll
0x76b00000 - 0x76b0a000 	C:\Windows\system32\LPK.dll
0x769c0000 - 0x76a5d000 	C:\Windows\system32\USP10.dll
0x73d60000 - 0x73d92000 	C:\Windows\system32\WINMM.dll
0x77140000 - 0x7715f000 	C:\Windows\system32\IMM32.DLL
0x76fd0000 - 0x7709c000 	C:\Windows\system32\MSCTF.dll
0x75820000 - 0x7586b000 	C:\Windows\system32\apphelp.dll
0x6d7a0000 - 0x6d7ac000 	C:\Program Files\Java\jre6\bin\verify.dll
0x6d320000 - 0x6d33f000 	C:\Program Files\Java\jre6\bin\java.dll
0x6d280000 - 0x6d288000 	C:\Program Files\Java\jre6\bin\hpi.dll
0x77890000 - 0x77895000 	C:\Windows\system32\PSAPI.DLL
0x6d7e0000 - 0x6d7ef000 	C:\Program Files\Java\jre6\bin\zip.dll

VM Arguments:
jvm_args: -Xmx1024m 
java_command: edu.stanford.nlp.parser.lexparser.LexicalizedParser -outputFormat penn englishPCFG.ser.gz C:\Users\RCALIX\Desktop\javascripts\data\sentences.txt
Launcher Type: SUN_STANDARD

Environment Variables:
PATH=C:\Python26\Lib\site-packages\PyQt4;C:\Windows\system32;C:\Windows;C:\Windows\System32\Wbem;C:\Windows\System32\WindowsPowerShell\v1.0\;c:\Program Files\Microsoft SQL Server\90\Tools\binn\;C:\Program Files\Common Files\Roxio Shared\DLLShared\;C:\Program Files\Common Files\Roxio Shared\10.0\DLLShared\;C:\Program Files\MATLAB\R2008a\bin;C:\Program Files\MATLAB\R2008a\bin\win32;C:\Program Files\Java\jre6
USERNAME=RCALIX
OS=Windows_NT
PROCESSOR_IDENTIFIER=x86 Family 6 Model 15 Stepping 13, GenuineIntel



---------------  S Y S T E M  ---------------

OS: Windows 7 Build 7600 

CPU:total 2 (2 cores per cpu, 1 threads per core) family 6 model 15 stepping 13, cmov, cx8, fxsr, mmx, sse, sse2, sse3, ssse3

Memory: 4k page, physical 2086956k(793220k free), swap 4173912k(2705472k free)

vm_info: Java HotSpot(TM) Client VM (19.0-b09) for windows-x86 JRE (1.6.0_23-b05), built on Nov 12 2010 15:00:43 by "java_re" with MS VC++ 7.1 (VS2003)

time: Tue Mar 15 11:54:26 2011
elapsed time: 5 seconds

